The system is: Linux - 3.10.106-1-tlinux2-0044 - x86_64
Compiling the C compiler identification source file "CMakeCCompilerId.c" succeeded.
Compiler: /opt/rh/devtoolset-4/root/usr/bin/cc 
Build flags: 
Id flags:  

The output was:
0


Compilation of the C compiler identification source "CMakeCCompilerId.c" produced "a.out"

The C compiler identification is GNU, found in "/data/jameshli/radosfs-master/CMakeFiles/3.10.1/CompilerIdC/a.out"

Compiling the CXX compiler identification source file "CMakeCXXCompilerId.cpp" succeeded.
Compiler: /opt/rh/devtoolset-4/root/usr/bin/c++ 
Build flags: 
Id flags:  

The output was:
0


Compilation of the CXX compiler identification source "CMakeCXXCompilerId.cpp" produced "a.out"

The CXX compiler identification is GNU, found in "/data/jameshli/radosfs-master/CMakeFiles/3.10.1/CompilerIdCXX/a.out"

Determining if the C compiler works passed with the following output:
Change Dir: /data/jameshli/radosfs-master/CMakeFiles/CMakeTmp

Run Build Command:"/usr/bin/gmake" "cmTC_4fad8/fast"
/usr/bin/gmake -f CMakeFiles/cmTC_4fad8.dir/build.make CMakeFiles/cmTC_4fad8.dir/build
gmake[1]: Entering directory `/data/jameshli/radosfs-master/CMakeFiles/CMakeTmp'
Building C object CMakeFiles/cmTC_4fad8.dir/testCCompiler.c.o
/opt/rh/devtoolset-4/root/usr/bin/cc    -o CMakeFiles/cmTC_4fad8.dir/testCCompiler.c.o   -c /data/jameshli/radosfs-master/CMakeFiles/CMakeTmp/testCCompiler.c
Linking C executable cmTC_4fad8
/usr/local/bin/cmake -E cmake_link_script CMakeFiles/cmTC_4fad8.dir/link.txt --verbose=1
/opt/rh/devtoolset-4/root/usr/bin/cc      -rdynamic CMakeFiles/cmTC_4fad8.dir/testCCompiler.c.o  -o cmTC_4fad8 
gmake[1]: Leaving directory `/data/jameshli/radosfs-master/CMakeFiles/CMakeTmp'


Detecting C compiler ABI info compiled with the following output:
Change Dir: /data/jameshli/radosfs-master/CMakeFiles/CMakeTmp

Run Build Command:"/usr/bin/gmake" "cmTC_5cc47/fast"
/usr/bin/gmake -f CMakeFiles/cmTC_5cc47.dir/build.make CMakeFiles/cmTC_5cc47.dir/build
gmake[1]: Entering directory `/data/jameshli/radosfs-master/CMakeFiles/CMakeTmp'
Building C object CMakeFiles/cmTC_5cc47.dir/CMakeCCompilerABI.c.o
/opt/rh/devtoolset-4/root/usr/bin/cc    -o CMakeFiles/cmTC_5cc47.dir/CMakeCCompilerABI.c.o   -c /usr/local/share/cmake-3.10/Modules/CMakeCCompilerABI.c
Linking C executable cmTC_5cc47
/usr/local/bin/cmake -E cmake_link_script CMakeFiles/cmTC_5cc47.dir/link.txt --verbose=1
/opt/rh/devtoolset-4/root/usr/bin/cc     -v -rdynamic CMakeFiles/cmTC_5cc47.dir/CMakeCCompilerABI.c.o  -o cmTC_5cc47 
Using built-in specs.
COLLECT_GCC=/opt/rh/devtoolset-4/root/usr/bin/cc
COLLECT_LTO_WRAPPER=/opt/rh/devtoolset-4/root/usr/libexec/gcc/x86_64-redhat-linux/5.3.1/lto-wrapper
Target: x86_64-redhat-linux
Configured with: ../configure --enable-bootstrap --enable-languages=c,c++,fortran,lto --prefix=/opt/rh/devtoolset-4/root/usr --mandir=/opt/rh/devtoolset-4/root/usr/share/man --infodir=/opt/rh/devtoolset-4/root/usr/share/info --with-bugurl=http://bugzilla.redhat.com/bugzilla --enable-shared --enable-threads=posix --enable-checking=release --enable-multilib --with-system-zlib --enable-__cxa_atexit --disable-libunwind-exceptions --enable-gnu-unique-object --enable-linker-build-id --enable-plugin --with-linker-hash-style=gnu --enable-initfini-array --disable-libgcj --with-default-libstdcxx-abi=gcc4-compatible --with-isl=/builddir/build/BUILD/gcc-5.3.1-20160406/obj-x86_64-redhat-linux/isl-install --enable-libmpx --with-mpc=/builddir/build/BUILD/gcc-5.3.1-20160406/obj-x86_64-redhat-linux/mpc-install --with-tune=generic --with-arch_32=i686 --build=x86_64-redhat-linux
Thread model: posix
gcc version 5.3.1 20160406 (Red Hat 5.3.1-6) (GCC) 
COMPILER_PATH=/opt/rh/devtoolset-4/root/usr/libexec/gcc/x86_64-redhat-linux/5.3.1/:/opt/rh/devtoolset-4/root/usr/libexec/gcc/x86_64-redhat-linux/5.3.1/:/opt/rh/devtoolset-4/root/usr/libexec/gcc/x86_64-redhat-linux/:/opt/rh/devtoolset-4/root/usr/lib/gcc/x86_64-redhat-linux/5.3.1/:/opt/rh/devtoolset-4/root/usr/lib/gcc/x86_64-redhat-linux/
LIBRARY_PATH=/opt/rh/devtoolset-4/root/usr/lib/gcc/x86_64-redhat-linux/5.3.1/:/opt/rh/devtoolset-4/root/usr/lib/gcc/x86_64-redhat-linux/5.3.1/../../../../lib64/:/lib/../lib64/:/usr/lib/../lib64/:/opt/rh/devtoolset-4/root/usr/lib/gcc/x86_64-redhat-linux/5.3.1/../../../:/lib/:/usr/lib/
COLLECT_GCC_OPTIONS='-v' '-rdynamic' '-o' 'cmTC_5cc47' '-mtune=generic' '-march=x86-64'
 /opt/rh/devtoolset-4/root/usr/libexec/gcc/x86_64-redhat-linux/5.3.1/collect2 -plugin /opt/rh/devtoolset-4/root/usr/libexec/gcc/x86_64-redhat-linux/5.3.1/liblto_plugin.so -plugin-opt=/opt/rh/devtoolset-4/root/usr/libexec/gcc/x86_64-redhat-linux/5.3.1/lto-wrapper -plugin-opt=-fresolution=/tmp/ccdfme0M.res -plugin-opt=-pass-through=-lgcc -plugin-opt=-pass-through=-lgcc_s -plugin-opt=-pass-through=-lc -plugin-opt=-pass-through=-lgcc -plugin-opt=-pass-through=-lgcc_s --build-id --no-add-needed --eh-frame-hdr --hash-style=gnu -m elf_x86_64 -export-dynamic -dynamic-linker /lib64/ld-linux-x86-64.so.2 -o cmTC_5cc47 /usr/lib/../lib64/crt1.o /usr/lib/../lib64/crti.o /opt/rh/devtoolset-4/root/usr/lib/gcc/x86_64-redhat-linux/5.3.1/crtbegin.o -L/opt/rh/devtoolset-4/root/usr/lib/gcc/x86_64-redhat-linux/5.3.1 -L/opt/rh/devtoolset-4/root/usr/lib/gcc/x86_64-redhat-linux/5.3.1/../../../../lib64 -L/lib/../lib64 -L/usr/lib/../lib64 -L/opt/rh/devtoolset-4/root/usr/lib/gcc/x86_64-redhat-linux/5.3.1/../../.. CMakeFiles/cmTC_5cc47.dir/CMakeCCompilerABI.c.o -lgcc --as-needed -lgcc_s --no-as-needed -lc -lgcc --as-needed -lgcc_s --no-as-needed /opt/rh/devtoolset-4/root/usr/lib/gcc/x86_64-redhat-linux/5.3.1/crtend.o /usr/lib/../lib64/crtn.o
gmake[1]: Leaving directory `/data/jameshli/radosfs-master/CMakeFiles/CMakeTmp'


Parsed C implicit link information from above output:
  link line regex: [^( *|.*[/\])(ld|CMAKE_LINK_STARTFILE-NOTFOUND|([^/\]+-)?ld|collect2)[^/\]*( |$)]
  ignore line: [Change Dir: /data/jameshli/radosfs-master/CMakeFiles/CMakeTmp]
  ignore line: []
  ignore line: [Run Build Command:"/usr/bin/gmake" "cmTC_5cc47/fast"]
  ignore line: [/usr/bin/gmake -f CMakeFiles/cmTC_5cc47.dir/build.make CMakeFiles/cmTC_5cc47.dir/build]
  ignore line: [gmake[1]: Entering directory `/data/jameshli/radosfs-master/CMakeFiles/CMakeTmp']
  ignore line: [Building C object CMakeFiles/cmTC_5cc47.dir/CMakeCCompilerABI.c.o]
  ignore line: [/opt/rh/devtoolset-4/root/usr/bin/cc    -o CMakeFiles/cmTC_5cc47.dir/CMakeCCompilerABI.c.o   -c /usr/local/share/cmake-3.10/Modules/CMakeCCompilerABI.c]
  ignore line: [Linking C executable cmTC_5cc47]
  ignore line: [/usr/local/bin/cmake -E cmake_link_script CMakeFiles/cmTC_5cc47.dir/link.txt --verbose=1]
  ignore line: [/opt/rh/devtoolset-4/root/usr/bin/cc     -v -rdynamic CMakeFiles/cmTC_5cc47.dir/CMakeCCompilerABI.c.o  -o cmTC_5cc47 ]
  ignore line: [Using built-in specs.]
  ignore line: [COLLECT_GCC=/opt/rh/devtoolset-4/root/usr/bin/cc]
  ignore line: [COLLECT_LTO_WRAPPER=/opt/rh/devtoolset-4/root/usr/libexec/gcc/x86_64-redhat-linux/5.3.1/lto-wrapper]
  ignore line: [Target: x86_64-redhat-linux]
  ignore line: [Configured with: ../configure --enable-bootstrap --enable-languages=c,c++,fortran,lto --prefix=/opt/rh/devtoolset-4/root/usr --mandir=/opt/rh/devtoolset-4/root/usr/share/man --infodir=/opt/rh/devtoolset-4/root/usr/share/info --with-bugurl=http://bugzilla.redhat.com/bugzilla --enable-shared --enable-threads=posix --enable-checking=release --enable-multilib --with-system-zlib --enable-__cxa_atexit --disable-libunwind-exceptions --enable-gnu-unique-object --enable-linker-build-id --enable-plugin --with-linker-hash-style=gnu --enable-initfini-array --disable-libgcj --with-default-libstdcxx-abi=gcc4-compatible --with-isl=/builddir/build/BUILD/gcc-5.3.1-20160406/obj-x86_64-redhat-linux/isl-install --enable-libmpx --with-mpc=/builddir/build/BUILD/gcc-5.3.1-20160406/obj-x86_64-redhat-linux/mpc-install --with-tune=generic --with-arch_32=i686 --build=x86_64-redhat-linux]
  ignore line: [Thread model: posix]
  ignore line: [gcc version 5.3.1 20160406 (Red Hat 5.3.1-6) (GCC) ]
  ignore line: [COMPILER_PATH=/opt/rh/devtoolset-4/root/usr/libexec/gcc/x86_64-redhat-linux/5.3.1/:/opt/rh/devtoolset-4/root/usr/libexec/gcc/x86_64-redhat-linux/5.3.1/:/opt/rh/devtoolset-4/root/usr/libexec/gcc/x86_64-redhat-linux/:/opt/rh/devtoolset-4/root/usr/lib/gcc/x86_64-redhat-linux/5.3.1/:/opt/rh/devtoolset-4/root/usr/lib/gcc/x86_64-redhat-linux/]
  ignore line: [LIBRARY_PATH=/opt/rh/devtoolset-4/root/usr/lib/gcc/x86_64-redhat-linux/5.3.1/:/opt/rh/devtoolset-4/root/usr/lib/gcc/x86_64-redhat-linux/5.3.1/../../../../lib64/:/lib/../lib64/:/usr/lib/../lib64/:/opt/rh/devtoolset-4/root/usr/lib/gcc/x86_64-redhat-linux/5.3.1/../../../:/lib/:/usr/lib/]
  ignore line: [COLLECT_GCC_OPTIONS='-v' '-rdynamic' '-o' 'cmTC_5cc47' '-mtune=generic' '-march=x86-64']
  link line: [ /opt/rh/devtoolset-4/root/usr/libexec/gcc/x86_64-redhat-linux/5.3.1/collect2 -plugin /opt/rh/devtoolset-4/root/usr/libexec/gcc/x86_64-redhat-linux/5.3.1/liblto_plugin.so -plugin-opt=/opt/rh/devtoolset-4/root/usr/libexec/gcc/x86_64-redhat-linux/5.3.1/lto-wrapper -plugin-opt=-fresolution=/tmp/ccdfme0M.res -plugin-opt=-pass-through=-lgcc -plugin-opt=-pass-through=-lgcc_s -plugin-opt=-pass-through=-lc -plugin-opt=-pass-through=-lgcc -plugin-opt=-pass-through=-lgcc_s --build-id --no-add-needed --eh-frame-hdr --hash-style=gnu -m elf_x86_64 -export-dynamic -dynamic-linker /lib64/ld-linux-x86-64.so.2 -o cmTC_5cc47 /usr/lib/../lib64/crt1.o /usr/lib/../lib64/crti.o /opt/rh/devtoolset-4/root/usr/lib/gcc/x86_64-redhat-linux/5.3.1/crtbegin.o -L/opt/rh/devtoolset-4/root/usr/lib/gcc/x86_64-redhat-linux/5.3.1 -L/opt/rh/devtoolset-4/root/usr/lib/gcc/x86_64-redhat-linux/5.3.1/../../../../lib64 -L/lib/../lib64 -L/usr/lib/../lib64 -L/opt/rh/devtoolset-4/root/usr/lib/gcc/x86_64-redhat-linux/5.3.1/../../.. CMakeFiles/cmTC_5cc47.dir/CMakeCCompilerABI.c.o -lgcc --as-needed -lgcc_s --no-as-needed -lc -lgcc --as-needed -lgcc_s --no-as-needed /opt/rh/devtoolset-4/root/usr/lib/gcc/x86_64-redhat-linux/5.3.1/crtend.o /usr/lib/../lib64/crtn.o]
    arg [/opt/rh/devtoolset-4/root/usr/libexec/gcc/x86_64-redhat-linux/5.3.1/collect2] ==> ignore
    arg [-plugin] ==> ignore
    arg [/opt/rh/devtoolset-4/root/usr/libexec/gcc/x86_64-redhat-linux/5.3.1/liblto_plugin.so] ==> ignore
    arg [-plugin-opt=/opt/rh/devtoolset-4/root/usr/libexec/gcc/x86_64-redhat-linux/5.3.1/lto-wrapper] ==> ignore
    arg [-plugin-opt=-fresolution=/tmp/ccdfme0M.res] ==> ignore
    arg [-plugin-opt=-pass-through=-lgcc] ==> ignore
    arg [-plugin-opt=-pass-through=-lgcc_s] ==> ignore
    arg [-plugin-opt=-pass-through=-lc] ==> ignore
    arg [-plugin-opt=-pass-through=-lgcc] ==> ignore
    arg [-plugin-opt=-pass-through=-lgcc_s] ==> ignore
    arg [--build-id] ==> ignore
    arg [--no-add-needed] ==> ignore
    arg [--eh-frame-hdr] ==> ignore
    arg [--hash-style=gnu] ==> ignore
    arg [-m] ==> ignore
    arg [elf_x86_64] ==> ignore
    arg [-export-dynamic] ==> ignore
    arg [-dynamic-linker] ==> ignore
    arg [/lib64/ld-linux-x86-64.so.2] ==> ignore
    arg [-o] ==> ignore
    arg [cmTC_5cc47] ==> ignore
    arg [/usr/lib/../lib64/crt1.o] ==> ignore
    arg [/usr/lib/../lib64/crti.o] ==> ignore
    arg [/opt/rh/devtoolset-4/root/usr/lib/gcc/x86_64-redhat-linux/5.3.1/crtbegin.o] ==> ignore
    arg [-L/opt/rh/devtoolset-4/root/usr/lib/gcc/x86_64-redhat-linux/5.3.1] ==> dir [/opt/rh/devtoolset-4/root/usr/lib/gcc/x86_64-redhat-linux/5.3.1]
    arg [-L/opt/rh/devtoolset-4/root/usr/lib/gcc/x86_64-redhat-linux/5.3.1/../../../../lib64] ==> dir [/opt/rh/devtoolset-4/root/usr/lib/gcc/x86_64-redhat-linux/5.3.1/../../../../lib64]
    arg [-L/lib/../lib64] ==> dir [/lib/../lib64]
    arg [-L/usr/lib/../lib64] ==> dir [/usr/lib/../lib64]
    arg [-L/opt/rh/devtoolset-4/root/usr/lib/gcc/x86_64-redhat-linux/5.3.1/../../..] ==> dir [/opt/rh/devtoolset-4/root/usr/lib/gcc/x86_64-redhat-linux/5.3.1/../../..]
    arg [CMakeFiles/cmTC_5cc47.dir/CMakeCCompilerABI.c.o] ==> ignore
    arg [-lgcc] ==> lib [gcc]
    arg [--as-needed] ==> ignore
    arg [-lgcc_s] ==> lib [gcc_s]
    arg [--no-as-needed] ==> ignore
    arg [-lc] ==> lib [c]
    arg [-lgcc] ==> lib [gcc]
    arg [--as-needed] ==> ignore
    arg [-lgcc_s] ==> lib [gcc_s]
    arg [--no-as-needed] ==> ignore
    arg [/opt/rh/devtoolset-4/root/usr/lib/gcc/x86_64-redhat-linux/5.3.1/crtend.o] ==> ignore
    arg [/usr/lib/../lib64/crtn.o] ==> ignore
  collapse library dir [/opt/rh/devtoolset-4/root/usr/lib/gcc/x86_64-redhat-linux/5.3.1] ==> [/opt/rh/devtoolset-4/root/usr/lib/gcc/x86_64-redhat-linux/5.3.1]
  collapse library dir [/opt/rh/devtoolset-4/root/usr/lib/gcc/x86_64-redhat-linux/5.3.1/../../../../lib64] ==> [/opt/rh/devtoolset-4/root/usr/lib64]
  collapse library dir [/lib/../lib64] ==> [/lib64]
  collapse library dir [/usr/lib/../lib64] ==> [/usr/lib64]
  collapse library dir [/opt/rh/devtoolset-4/root/usr/lib/gcc/x86_64-redhat-linux/5.3.1/../../..] ==> [/opt/rh/devtoolset-4/root/usr/lib]
  implicit libs: [gcc;gcc_s;c;gcc;gcc_s]
  implicit dirs: [/opt/rh/devtoolset-4/root/usr/lib/gcc/x86_64-redhat-linux/5.3.1;/opt/rh/devtoolset-4/root/usr/lib64;/lib64;/usr/lib64;/opt/rh/devtoolset-4/root/usr/lib]
  implicit fwks: []




Detecting C [-std=c11] compiler features compiled with the following output:
Change Dir: /data/jameshli/radosfs-master/CMakeFiles/CMakeTmp

Run Build Command:"/usr/bin/gmake" "cmTC_9852f/fast"
/usr/bin/gmake -f CMakeFiles/cmTC_9852f.dir/build.make CMakeFiles/cmTC_9852f.dir/build
gmake[1]: Entering directory `/data/jameshli/radosfs-master/CMakeFiles/CMakeTmp'
Building C object CMakeFiles/cmTC_9852f.dir/feature_tests.c.o
/opt/rh/devtoolset-4/root/usr/bin/cc   -std=c11 -o CMakeFiles/cmTC_9852f.dir/feature_tests.c.o   -c /data/jameshli/radosfs-master/CMakeFiles/feature_tests.c
Linking C executable cmTC_9852f
/usr/local/bin/cmake -E cmake_link_script CMakeFiles/cmTC_9852f.dir/link.txt --verbose=1
/opt/rh/devtoolset-4/root/usr/bin/cc      -rdynamic CMakeFiles/cmTC_9852f.dir/feature_tests.c.o  -o cmTC_9852f 
gmake[1]: Leaving directory `/data/jameshli/radosfs-master/CMakeFiles/CMakeTmp'


    Feature record: C_FEATURE:1c_function_prototypes
    Feature record: C_FEATURE:1c_restrict
    Feature record: C_FEATURE:1c_static_assert
    Feature record: C_FEATURE:1c_variadic_macros


Detecting C [-std=c99] compiler features compiled with the following output:
Change Dir: /data/jameshli/radosfs-master/CMakeFiles/CMakeTmp

Run Build Command:"/usr/bin/gmake" "cmTC_b477c/fast"
/usr/bin/gmake -f CMakeFiles/cmTC_b477c.dir/build.make CMakeFiles/cmTC_b477c.dir/build
gmake[1]: Entering directory `/data/jameshli/radosfs-master/CMakeFiles/CMakeTmp'
Building C object CMakeFiles/cmTC_b477c.dir/feature_tests.c.o
/opt/rh/devtoolset-4/root/usr/bin/cc   -std=c99 -o CMakeFiles/cmTC_b477c.dir/feature_tests.c.o   -c /data/jameshli/radosfs-master/CMakeFiles/feature_tests.c
Linking C executable cmTC_b477c
/usr/local/bin/cmake -E cmake_link_script CMakeFiles/cmTC_b477c.dir/link.txt --verbose=1
/opt/rh/devtoolset-4/root/usr/bin/cc      -rdynamic CMakeFiles/cmTC_b477c.dir/feature_tests.c.o  -o cmTC_b477c 
gmake[1]: Leaving directory `/data/jameshli/radosfs-master/CMakeFiles/CMakeTmp'


    Feature record: C_FEATURE:1c_function_prototypes
    Feature record: C_FEATURE:1c_restrict
    Feature record: C_FEATURE:0c_static_assert
    Feature record: C_FEATURE:1c_variadic_macros


Detecting C [-std=c90] compiler features compiled with the following output:
Change Dir: /data/jameshli/radosfs-master/CMakeFiles/CMakeTmp

Run Build Command:"/usr/bin/gmake" "cmTC_a8956/fast"
/usr/bin/gmake -f CMakeFiles/cmTC_a8956.dir/build.make CMakeFiles/cmTC_a8956.dir/build
gmake[1]: Entering directory `/data/jameshli/radosfs-master/CMakeFiles/CMakeTmp'
Building C object CMakeFiles/cmTC_a8956.dir/feature_tests.c.o
/opt/rh/devtoolset-4/root/usr/bin/cc   -std=c90 -o CMakeFiles/cmTC_a8956.dir/feature_tests.c.o   -c /data/jameshli/radosfs-master/CMakeFiles/feature_tests.c
Linking C executable cmTC_a8956
/usr/local/bin/cmake -E cmake_link_script CMakeFiles/cmTC_a8956.dir/link.txt --verbose=1
/opt/rh/devtoolset-4/root/usr/bin/cc      -rdynamic CMakeFiles/cmTC_a8956.dir/feature_tests.c.o  -o cmTC_a8956 
gmake[1]: Leaving directory `/data/jameshli/radosfs-master/CMakeFiles/CMakeTmp'


    Feature record: C_FEATURE:1c_function_prototypes
    Feature record: C_FEATURE:0c_restrict
    Feature record: C_FEATURE:0c_static_assert
    Feature record: C_FEATURE:0c_variadic_macros
Determining if the CXX compiler works passed with the following output:
Change Dir: /data/jameshli/radosfs-master/CMakeFiles/CMakeTmp

Run Build Command:"/usr/bin/gmake" "cmTC_430c4/fast"
/usr/bin/gmake -f CMakeFiles/cmTC_430c4.dir/build.make CMakeFiles/cmTC_430c4.dir/build
gmake[1]: Entering directory `/data/jameshli/radosfs-master/CMakeFiles/CMakeTmp'
Building CXX object CMakeFiles/cmTC_430c4.dir/testCXXCompiler.cxx.o
/opt/rh/devtoolset-4/root/usr/bin/c++     -o CMakeFiles/cmTC_430c4.dir/testCXXCompiler.cxx.o -c /data/jameshli/radosfs-master/CMakeFiles/CMakeTmp/testCXXCompiler.cxx
Linking CXX executable cmTC_430c4
/usr/local/bin/cmake -E cmake_link_script CMakeFiles/cmTC_430c4.dir/link.txt --verbose=1
/opt/rh/devtoolset-4/root/usr/bin/c++       -rdynamic CMakeFiles/cmTC_430c4.dir/testCXXCompiler.cxx.o  -o cmTC_430c4 
gmake[1]: Leaving directory `/data/jameshli/radosfs-master/CMakeFiles/CMakeTmp'


Detecting CXX compiler ABI info compiled with the following output:
Change Dir: /data/jameshli/radosfs-master/CMakeFiles/CMakeTmp

Run Build Command:"/usr/bin/gmake" "cmTC_6f302/fast"
/usr/bin/gmake -f CMakeFiles/cmTC_6f302.dir/build.make CMakeFiles/cmTC_6f302.dir/build
gmake[1]: Entering directory `/data/jameshli/radosfs-master/CMakeFiles/CMakeTmp'
Building CXX object CMakeFiles/cmTC_6f302.dir/CMakeCXXCompilerABI.cpp.o
/opt/rh/devtoolset-4/root/usr/bin/c++     -o CMakeFiles/cmTC_6f302.dir/CMakeCXXCompilerABI.cpp.o -c /usr/local/share/cmake-3.10/Modules/CMakeCXXCompilerABI.cpp
Linking CXX executable cmTC_6f302
/usr/local/bin/cmake -E cmake_link_script CMakeFiles/cmTC_6f302.dir/link.txt --verbose=1
/opt/rh/devtoolset-4/root/usr/bin/c++      -v -rdynamic CMakeFiles/cmTC_6f302.dir/CMakeCXXCompilerABI.cpp.o  -o cmTC_6f302 
Using built-in specs.
COLLECT_GCC=/opt/rh/devtoolset-4/root/usr/bin/c++
COLLECT_LTO_WRAPPER=/opt/rh/devtoolset-4/root/usr/libexec/gcc/x86_64-redhat-linux/5.3.1/lto-wrapper
Target: x86_64-redhat-linux
Configured with: ../configure --enable-bootstrap --enable-languages=c,c++,fortran,lto --prefix=/opt/rh/devtoolset-4/root/usr --mandir=/opt/rh/devtoolset-4/root/usr/share/man --infodir=/opt/rh/devtoolset-4/root/usr/share/info --with-bugurl=http://bugzilla.redhat.com/bugzilla --enable-shared --enable-threads=posix --enable-checking=release --enable-multilib --with-system-zlib --enable-__cxa_atexit --disable-libunwind-exceptions --enable-gnu-unique-object --enable-linker-build-id --enable-plugin --with-linker-hash-style=gnu --enable-initfini-array --disable-libgcj --with-default-libstdcxx-abi=gcc4-compatible --with-isl=/builddir/build/BUILD/gcc-5.3.1-20160406/obj-x86_64-redhat-linux/isl-install --enable-libmpx --with-mpc=/builddir/build/BUILD/gcc-5.3.1-20160406/obj-x86_64-redhat-linux/mpc-install --with-tune=generic --with-arch_32=i686 --build=x86_64-redhat-linux
Thread model: posix
gcc version 5.3.1 20160406 (Red Hat 5.3.1-6) (GCC) 
COMPILER_PATH=/opt/rh/devtoolset-4/root/usr/libexec/gcc/x86_64-redhat-linux/5.3.1/:/opt/rh/devtoolset-4/root/usr/libexec/gcc/x86_64-redhat-linux/5.3.1/:/opt/rh/devtoolset-4/root/usr/libexec/gcc/x86_64-redhat-linux/:/opt/rh/devtoolset-4/root/usr/lib/gcc/x86_64-redhat-linux/5.3.1/:/opt/rh/devtoolset-4/root/usr/lib/gcc/x86_64-redhat-linux/
LIBRARY_PATH=/opt/rh/devtoolset-4/root/usr/lib/gcc/x86_64-redhat-linux/5.3.1/:/opt/rh/devtoolset-4/root/usr/lib/gcc/x86_64-redhat-linux/5.3.1/../../../../lib64/:/lib/../lib64/:/usr/lib/../lib64/:/opt/rh/devtoolset-4/root/usr/lib/gcc/x86_64-redhat-linux/5.3.1/../../../:/lib/:/usr/lib/
COLLECT_GCC_OPTIONS='-v' '-rdynamic' '-o' 'cmTC_6f302' '-shared-libgcc' '-mtune=generic' '-march=x86-64'
 /opt/rh/devtoolset-4/root/usr/libexec/gcc/x86_64-redhat-linux/5.3.1/collect2 -plugin /opt/rh/devtoolset-4/root/usr/libexec/gcc/x86_64-redhat-linux/5.3.1/liblto_plugin.so -plugin-opt=/opt/rh/devtoolset-4/root/usr/libexec/gcc/x86_64-redhat-linux/5.3.1/lto-wrapper -plugin-opt=-fresolution=/tmp/cccdGz9d.res -plugin-opt=-pass-through=-lgcc_s -plugin-opt=-pass-through=-lgcc -plugin-opt=-pass-through=-lc -plugin-opt=-pass-through=-lgcc_s -plugin-opt=-pass-through=-lgcc --build-id --no-add-needed --eh-frame-hdr --hash-style=gnu -m elf_x86_64 -export-dynamic -dynamic-linker /lib64/ld-linux-x86-64.so.2 -o cmTC_6f302 /usr/lib/../lib64/crt1.o /usr/lib/../lib64/crti.o /opt/rh/devtoolset-4/root/usr/lib/gcc/x86_64-redhat-linux/5.3.1/crtbegin.o -L/opt/rh/devtoolset-4/root/usr/lib/gcc/x86_64-redhat-linux/5.3.1 -L/opt/rh/devtoolset-4/root/usr/lib/gcc/x86_64-redhat-linux/5.3.1/../../../../lib64 -L/lib/../lib64 -L/usr/lib/../lib64 -L/opt/rh/devtoolset-4/root/usr/lib/gcc/x86_64-redhat-linux/5.3.1/../../.. CMakeFiles/cmTC_6f302.dir/CMakeCXXCompilerABI.cpp.o -lstdc++ -lm -lgcc_s -lgcc -lc -lgcc_s -lgcc /opt/rh/devtoolset-4/root/usr/lib/gcc/x86_64-redhat-linux/5.3.1/crtend.o /usr/lib/../lib64/crtn.o
gmake[1]: Leaving directory `/data/jameshli/radosfs-master/CMakeFiles/CMakeTmp'


Parsed CXX implicit link information from above output:
  link line regex: [^( *|.*[/\])(ld|CMAKE_LINK_STARTFILE-NOTFOUND|([^/\]+-)?ld|collect2)[^/\]*( |$)]
  ignore line: [Change Dir: /data/jameshli/radosfs-master/CMakeFiles/CMakeTmp]
  ignore line: []
  ignore line: [Run Build Command:"/usr/bin/gmake" "cmTC_6f302/fast"]
  ignore line: [/usr/bin/gmake -f CMakeFiles/cmTC_6f302.dir/build.make CMakeFiles/cmTC_6f302.dir/build]
  ignore line: [gmake[1]: Entering directory `/data/jameshli/radosfs-master/CMakeFiles/CMakeTmp']
  ignore line: [Building CXX object CMakeFiles/cmTC_6f302.dir/CMakeCXXCompilerABI.cpp.o]
  ignore line: [/opt/rh/devtoolset-4/root/usr/bin/c++     -o CMakeFiles/cmTC_6f302.dir/CMakeCXXCompilerABI.cpp.o -c /usr/local/share/cmake-3.10/Modules/CMakeCXXCompilerABI.cpp]
  ignore line: [Linking CXX executable cmTC_6f302]
  ignore line: [/usr/local/bin/cmake -E cmake_link_script CMakeFiles/cmTC_6f302.dir/link.txt --verbose=1]
  ignore line: [/opt/rh/devtoolset-4/root/usr/bin/c++      -v -rdynamic CMakeFiles/cmTC_6f302.dir/CMakeCXXCompilerABI.cpp.o  -o cmTC_6f302 ]
  ignore line: [Using built-in specs.]
  ignore line: [COLLECT_GCC=/opt/rh/devtoolset-4/root/usr/bin/c++]
  ignore line: [COLLECT_LTO_WRAPPER=/opt/rh/devtoolset-4/root/usr/libexec/gcc/x86_64-redhat-linux/5.3.1/lto-wrapper]
  ignore line: [Target: x86_64-redhat-linux]
  ignore line: [Configured with: ../configure --enable-bootstrap --enable-languages=c,c++,fortran,lto --prefix=/opt/rh/devtoolset-4/root/usr --mandir=/opt/rh/devtoolset-4/root/usr/share/man --infodir=/opt/rh/devtoolset-4/root/usr/share/info --with-bugurl=http://bugzilla.redhat.com/bugzilla --enable-shared --enable-threads=posix --enable-checking=release --enable-multilib --with-system-zlib --enable-__cxa_atexit --disable-libunwind-exceptions --enable-gnu-unique-object --enable-linker-build-id --enable-plugin --with-linker-hash-style=gnu --enable-initfini-array --disable-libgcj --with-default-libstdcxx-abi=gcc4-compatible --with-isl=/builddir/build/BUILD/gcc-5.3.1-20160406/obj-x86_64-redhat-linux/isl-install --enable-libmpx --with-mpc=/builddir/build/BUILD/gcc-5.3.1-20160406/obj-x86_64-redhat-linux/mpc-install --with-tune=generic --with-arch_32=i686 --build=x86_64-redhat-linux]
  ignore line: [Thread model: posix]
  ignore line: [gcc version 5.3.1 20160406 (Red Hat 5.3.1-6) (GCC) ]
  ignore line: [COMPILER_PATH=/opt/rh/devtoolset-4/root/usr/libexec/gcc/x86_64-redhat-linux/5.3.1/:/opt/rh/devtoolset-4/root/usr/libexec/gcc/x86_64-redhat-linux/5.3.1/:/opt/rh/devtoolset-4/root/usr/libexec/gcc/x86_64-redhat-linux/:/opt/rh/devtoolset-4/root/usr/lib/gcc/x86_64-redhat-linux/5.3.1/:/opt/rh/devtoolset-4/root/usr/lib/gcc/x86_64-redhat-linux/]
  ignore line: [LIBRARY_PATH=/opt/rh/devtoolset-4/root/usr/lib/gcc/x86_64-redhat-linux/5.3.1/:/opt/rh/devtoolset-4/root/usr/lib/gcc/x86_64-redhat-linux/5.3.1/../../../../lib64/:/lib/../lib64/:/usr/lib/../lib64/:/opt/rh/devtoolset-4/root/usr/lib/gcc/x86_64-redhat-linux/5.3.1/../../../:/lib/:/usr/lib/]
  ignore line: [COLLECT_GCC_OPTIONS='-v' '-rdynamic' '-o' 'cmTC_6f302' '-shared-libgcc' '-mtune=generic' '-march=x86-64']
  link line: [ /opt/rh/devtoolset-4/root/usr/libexec/gcc/x86_64-redhat-linux/5.3.1/collect2 -plugin /opt/rh/devtoolset-4/root/usr/libexec/gcc/x86_64-redhat-linux/5.3.1/liblto_plugin.so -plugin-opt=/opt/rh/devtoolset-4/root/usr/libexec/gcc/x86_64-redhat-linux/5.3.1/lto-wrapper -plugin-opt=-fresolution=/tmp/cccdGz9d.res -plugin-opt=-pass-through=-lgcc_s -plugin-opt=-pass-through=-lgcc -plugin-opt=-pass-through=-lc -plugin-opt=-pass-through=-lgcc_s -plugin-opt=-pass-through=-lgcc --build-id --no-add-needed --eh-frame-hdr --hash-style=gnu -m elf_x86_64 -export-dynamic -dynamic-linker /lib64/ld-linux-x86-64.so.2 -o cmTC_6f302 /usr/lib/../lib64/crt1.o /usr/lib/../lib64/crti.o /opt/rh/devtoolset-4/root/usr/lib/gcc/x86_64-redhat-linux/5.3.1/crtbegin.o -L/opt/rh/devtoolset-4/root/usr/lib/gcc/x86_64-redhat-linux/5.3.1 -L/opt/rh/devtoolset-4/root/usr/lib/gcc/x86_64-redhat-linux/5.3.1/../../../../lib64 -L/lib/../lib64 -L/usr/lib/../lib64 -L/opt/rh/devtoolset-4/root/usr/lib/gcc/x86_64-redhat-linux/5.3.1/../../.. CMakeFiles/cmTC_6f302.dir/CMakeCXXCompilerABI.cpp.o -lstdc++ -lm -lgcc_s -lgcc -lc -lgcc_s -lgcc /opt/rh/devtoolset-4/root/usr/lib/gcc/x86_64-redhat-linux/5.3.1/crtend.o /usr/lib/../lib64/crtn.o]
    arg [/opt/rh/devtoolset-4/root/usr/libexec/gcc/x86_64-redhat-linux/5.3.1/collect2] ==> ignore
    arg [-plugin] ==> ignore
    arg [/opt/rh/devtoolset-4/root/usr/libexec/gcc/x86_64-redhat-linux/5.3.1/liblto_plugin.so] ==> ignore
    arg [-plugin-opt=/opt/rh/devtoolset-4/root/usr/libexec/gcc/x86_64-redhat-linux/5.3.1/lto-wrapper] ==> ignore
    arg [-plugin-opt=-fresolution=/tmp/cccdGz9d.res] ==> ignore
    arg [-plugin-opt=-pass-through=-lgcc_s] ==> ignore
    arg [-plugin-opt=-pass-through=-lgcc] ==> ignore
    arg [-plugin-opt=-pass-through=-lc] ==> ignore
    arg [-plugin-opt=-pass-through=-lgcc_s] ==> ignore
    arg [-plugin-opt=-pass-through=-lgcc] ==> ignore
    arg [--build-id] ==> ignore
    arg [--no-add-needed] ==> ignore
    arg [--eh-frame-hdr] ==> ignore
    arg [--hash-style=gnu] ==> ignore
    arg [-m] ==> ignore
    arg [elf_x86_64] ==> ignore
    arg [-export-dynamic] ==> ignore
    arg [-dynamic-linker] ==> ignore
    arg [/lib64/ld-linux-x86-64.so.2] ==> ignore
    arg [-o] ==> ignore
    arg [cmTC_6f302] ==> ignore
    arg [/usr/lib/../lib64/crt1.o] ==> ignore
    arg [/usr/lib/../lib64/crti.o] ==> ignore
    arg [/opt/rh/devtoolset-4/root/usr/lib/gcc/x86_64-redhat-linux/5.3.1/crtbegin.o] ==> ignore
    arg [-L/opt/rh/devtoolset-4/root/usr/lib/gcc/x86_64-redhat-linux/5.3.1] ==> dir [/opt/rh/devtoolset-4/root/usr/lib/gcc/x86_64-redhat-linux/5.3.1]
    arg [-L/opt/rh/devtoolset-4/root/usr/lib/gcc/x86_64-redhat-linux/5.3.1/../../../../lib64] ==> dir [/opt/rh/devtoolset-4/root/usr/lib/gcc/x86_64-redhat-linux/5.3.1/../../../../lib64]
    arg [-L/lib/../lib64] ==> dir [/lib/../lib64]
    arg [-L/usr/lib/../lib64] ==> dir [/usr/lib/../lib64]
    arg [-L/opt/rh/devtoolset-4/root/usr/lib/gcc/x86_64-redhat-linux/5.3.1/../../..] ==> dir [/opt/rh/devtoolset-4/root/usr/lib/gcc/x86_64-redhat-linux/5.3.1/../../..]
    arg [CMakeFiles/cmTC_6f302.dir/CMakeCXXCompilerABI.cpp.o] ==> ignore
    arg [-lstdc++] ==> lib [stdc++]
    arg [-lm] ==> lib [m]
    arg [-lgcc_s] ==> lib [gcc_s]
    arg [-lgcc] ==> lib [gcc]
    arg [-lc] ==> lib [c]
    arg [-lgcc_s] ==> lib [gcc_s]
    arg [-lgcc] ==> lib [gcc]
    arg [/opt/rh/devtoolset-4/root/usr/lib/gcc/x86_64-redhat-linux/5.3.1/crtend.o] ==> ignore
    arg [/usr/lib/../lib64/crtn.o] ==> ignore
  collapse library dir [/opt/rh/devtoolset-4/root/usr/lib/gcc/x86_64-redhat-linux/5.3.1] ==> [/opt/rh/devtoolset-4/root/usr/lib/gcc/x86_64-redhat-linux/5.3.1]
  collapse library dir [/opt/rh/devtoolset-4/root/usr/lib/gcc/x86_64-redhat-linux/5.3.1/../../../../lib64] ==> [/opt/rh/devtoolset-4/root/usr/lib64]
  collapse library dir [/lib/../lib64] ==> [/lib64]
  collapse library dir [/usr/lib/../lib64] ==> [/usr/lib64]
  collapse library dir [/opt/rh/devtoolset-4/root/usr/lib/gcc/x86_64-redhat-linux/5.3.1/../../..] ==> [/opt/rh/devtoolset-4/root/usr/lib]
  implicit libs: [stdc++;m;gcc_s;gcc;c;gcc_s;gcc]
  implicit dirs: [/opt/rh/devtoolset-4/root/usr/lib/gcc/x86_64-redhat-linux/5.3.1;/opt/rh/devtoolset-4/root/usr/lib64;/lib64;/usr/lib64;/opt/rh/devtoolset-4/root/usr/lib]
  implicit fwks: []




Detecting CXX [-std=c++1z] compiler features compiled with the following output:
Change Dir: /data/jameshli/radosfs-master/CMakeFiles/CMakeTmp

Run Build Command:"/usr/bin/gmake" "cmTC_c6111/fast"
/usr/bin/gmake -f CMakeFiles/cmTC_c6111.dir/build.make CMakeFiles/cmTC_c6111.dir/build
gmake[1]: Entering directory `/data/jameshli/radosfs-master/CMakeFiles/CMakeTmp'
Building CXX object CMakeFiles/cmTC_c6111.dir/feature_tests.cxx.o
/opt/rh/devtoolset-4/root/usr/bin/c++    -std=c++1z -o CMakeFiles/cmTC_c6111.dir/feature_tests.cxx.o -c /data/jameshli/radosfs-master/CMakeFiles/feature_tests.cxx
Linking CXX executable cmTC_c6111
/usr/local/bin/cmake -E cmake_link_script CMakeFiles/cmTC_c6111.dir/link.txt --verbose=1
/opt/rh/devtoolset-4/root/usr/bin/c++       -rdynamic CMakeFiles/cmTC_c6111.dir/feature_tests.cxx.o  -o cmTC_c6111 
gmake[1]: Leaving directory `/data/jameshli/radosfs-master/CMakeFiles/CMakeTmp'


    Feature record: CXX_FEATURE:1cxx_aggregate_default_initializers
    Feature record: CXX_FEATURE:1cxx_alias_templates
    Feature record: CXX_FEATURE:1cxx_alignas
    Feature record: CXX_FEATURE:1cxx_alignof
    Feature record: CXX_FEATURE:1cxx_attributes
    Feature record: CXX_FEATURE:1cxx_attribute_deprecated
    Feature record: CXX_FEATURE:1cxx_auto_type
    Feature record: CXX_FEATURE:1cxx_binary_literals
    Feature record: CXX_FEATURE:1cxx_constexpr
    Feature record: CXX_FEATURE:1cxx_contextual_conversions
    Feature record: CXX_FEATURE:1cxx_decltype
    Feature record: CXX_FEATURE:1cxx_decltype_auto
    Feature record: CXX_FEATURE:1cxx_decltype_incomplete_return_types
    Feature record: CXX_FEATURE:1cxx_default_function_template_args
    Feature record: CXX_FEATURE:1cxx_defaulted_functions
    Feature record: CXX_FEATURE:1cxx_defaulted_move_initializers
    Feature record: CXX_FEATURE:1cxx_delegating_constructors
    Feature record: CXX_FEATURE:1cxx_deleted_functions
    Feature record: CXX_FEATURE:1cxx_digit_separators
    Feature record: CXX_FEATURE:1cxx_enum_forward_declarations
    Feature record: CXX_FEATURE:1cxx_explicit_conversions
    Feature record: CXX_FEATURE:1cxx_extended_friend_declarations
    Feature record: CXX_FEATURE:1cxx_extern_templates
    Feature record: CXX_FEATURE:1cxx_final
    Feature record: CXX_FEATURE:1cxx_func_identifier
    Feature record: CXX_FEATURE:1cxx_generalized_initializers
    Feature record: CXX_FEATURE:1cxx_generic_lambdas
    Feature record: CXX_FEATURE:1cxx_inheriting_constructors
    Feature record: CXX_FEATURE:1cxx_inline_namespaces
    Feature record: CXX_FEATURE:1cxx_lambdas
    Feature record: CXX_FEATURE:1cxx_lambda_init_captures
    Feature record: CXX_FEATURE:1cxx_local_type_template_args
    Feature record: CXX_FEATURE:1cxx_long_long_type
    Feature record: CXX_FEATURE:1cxx_noexcept
    Feature record: CXX_FEATURE:1cxx_nonstatic_member_init
    Feature record: CXX_FEATURE:1cxx_nullptr
    Feature record: CXX_FEATURE:1cxx_override
    Feature record: CXX_FEATURE:1cxx_range_for
    Feature record: CXX_FEATURE:1cxx_raw_string_literals
    Feature record: CXX_FEATURE:1cxx_reference_qualified_functions
    Feature record: CXX_FEATURE:1cxx_relaxed_constexpr
    Feature record: CXX_FEATURE:1cxx_return_type_deduction
    Feature record: CXX_FEATURE:1cxx_right_angle_brackets
    Feature record: CXX_FEATURE:1cxx_rvalue_references
    Feature record: CXX_FEATURE:1cxx_sizeof_member
    Feature record: CXX_FEATURE:1cxx_static_assert
    Feature record: CXX_FEATURE:1cxx_strong_enums
    Feature record: CXX_FEATURE:1cxx_template_template_parameters
    Feature record: CXX_FEATURE:1cxx_thread_local
    Feature record: CXX_FEATURE:1cxx_trailing_return_types
    Feature record: CXX_FEATURE:1cxx_unicode_literals
    Feature record: CXX_FEATURE:1cxx_uniform_initialization
    Feature record: CXX_FEATURE:1cxx_unrestricted_unions
    Feature record: CXX_FEATURE:1cxx_user_literals
    Feature record: CXX_FEATURE:1cxx_variable_templates
    Feature record: CXX_FEATURE:1cxx_variadic_macros
    Feature record: CXX_FEATURE:1cxx_variadic_templates


Detecting CXX [-std=c++14] compiler features compiled with the following output:
Change Dir: /data/jameshli/radosfs-master/CMakeFiles/CMakeTmp

Run Build Command:"/usr/bin/gmake" "cmTC_b699f/fast"
/usr/bin/gmake -f CMakeFiles/cmTC_b699f.dir/build.make CMakeFiles/cmTC_b699f.dir/build
gmake[1]: Entering directory `/data/jameshli/radosfs-master/CMakeFiles/CMakeTmp'
Building CXX object CMakeFiles/cmTC_b699f.dir/feature_tests.cxx.o
/opt/rh/devtoolset-4/root/usr/bin/c++    -std=c++14 -o CMakeFiles/cmTC_b699f.dir/feature_tests.cxx.o -c /data/jameshli/radosfs-master/CMakeFiles/feature_tests.cxx
Linking CXX executable cmTC_b699f
/usr/local/bin/cmake -E cmake_link_script CMakeFiles/cmTC_b699f.dir/link.txt --verbose=1
/opt/rh/devtoolset-4/root/usr/bin/c++       -rdynamic CMakeFiles/cmTC_b699f.dir/feature_tests.cxx.o  -o cmTC_b699f 
gmake[1]: Leaving directory `/data/jameshli/radosfs-master/CMakeFiles/CMakeTmp'


    Feature record: CXX_FEATURE:1cxx_aggregate_default_initializers
    Feature record: CXX_FEATURE:1cxx_alias_templates
    Feature record: CXX_FEATURE:1cxx_alignas
    Feature record: CXX_FEATURE:1cxx_alignof
    Feature record: CXX_FEATURE:1cxx_attributes
    Feature record: CXX_FEATURE:1cxx_attribute_deprecated
    Feature record: CXX_FEATURE:1cxx_auto_type
    Feature record: CXX_FEATURE:1cxx_binary_literals
    Feature record: CXX_FEATURE:1cxx_constexpr
    Feature record: CXX_FEATURE:1cxx_contextual_conversions
    Feature record: CXX_FEATURE:1cxx_decltype
    Feature record: CXX_FEATURE:1cxx_decltype_auto
    Feature record: CXX_FEATURE:1cxx_decltype_incomplete_return_types
    Feature record: CXX_FEATURE:1cxx_default_function_template_args
    Feature record: CXX_FEATURE:1cxx_defaulted_functions
    Feature record: CXX_FEATURE:1cxx_defaulted_move_initializers
    Feature record: CXX_FEATURE:1cxx_delegating_constructors
    Feature record: CXX_FEATURE:1cxx_deleted_functions
    Feature record: CXX_FEATURE:1cxx_digit_separators
    Feature record: CXX_FEATURE:1cxx_enum_forward_declarations
    Feature record: CXX_FEATURE:1cxx_explicit_conversions
    Feature record: CXX_FEATURE:1cxx_extended_friend_declarations
    Feature record: CXX_FEATURE:1cxx_extern_templates
    Feature record: CXX_FEATURE:1cxx_final
    Feature record: CXX_FEATURE:1cxx_func_identifier
    Feature record: CXX_FEATURE:1cxx_generalized_initializers
    Feature record: CXX_FEATURE:1cxx_generic_lambdas
    Feature record: CXX_FEATURE:1cxx_inheriting_constructors
    Feature record: CXX_FEATURE:1cxx_inline_namespaces
    Feature record: CXX_FEATURE:1cxx_lambdas
    Feature record: CXX_FEATURE:1cxx_lambda_init_captures
    Feature record: CXX_FEATURE:1cxx_local_type_template_args
    Feature record: CXX_FEATURE:1cxx_long_long_type
    Feature record: CXX_FEATURE:1cxx_noexcept
    Feature record: CXX_FEATURE:1cxx_nonstatic_member_init
    Feature record: CXX_FEATURE:1cxx_nullptr
    Feature record: CXX_FEATURE:1cxx_override
    Feature record: CXX_FEATURE:1cxx_range_for
    Feature record: CXX_FEATURE:1cxx_raw_string_literals
    Feature record: CXX_FEATURE:1cxx_reference_qualified_functions
    Feature record: CXX_FEATURE:1cxx_relaxed_constexpr
    Feature record: CXX_FEATURE:1cxx_return_type_deduction
    Feature record: CXX_FEATURE:1cxx_right_angle_brackets
    Feature record: CXX_FEATURE:1cxx_rvalue_references
    Feature record: CXX_FEATURE:1cxx_sizeof_member
    Feature record: CXX_FEATURE:1cxx_static_assert
    Feature record: CXX_FEATURE:1cxx_strong_enums
    Feature record: CXX_FEATURE:1cxx_template_template_parameters
    Feature record: CXX_FEATURE:1cxx_thread_local
    Feature record: CXX_FEATURE:1cxx_trailing_return_types
    Feature record: CXX_FEATURE:1cxx_unicode_literals
    Feature record: CXX_FEATURE:1cxx_uniform_initialization
    Feature record: CXX_FEATURE:1cxx_unrestricted_unions
    Feature record: CXX_FEATURE:1cxx_user_literals
    Feature record: CXX_FEATURE:1cxx_variable_templates
    Feature record: CXX_FEATURE:1cxx_variadic_macros
    Feature record: CXX_FEATURE:1cxx_variadic_templates


Detecting CXX [-std=c++11] compiler features compiled with the following output:
Change Dir: /data/jameshli/radosfs-master/CMakeFiles/CMakeTmp

Run Build Command:"/usr/bin/gmake" "cmTC_4a0bd/fast"
/usr/bin/gmake -f CMakeFiles/cmTC_4a0bd.dir/build.make CMakeFiles/cmTC_4a0bd.dir/build
gmake[1]: Entering directory `/data/jameshli/radosfs-master/CMakeFiles/CMakeTmp'
Building CXX object CMakeFiles/cmTC_4a0bd.dir/feature_tests.cxx.o
/opt/rh/devtoolset-4/root/usr/bin/c++    -std=c++11 -o CMakeFiles/cmTC_4a0bd.dir/feature_tests.cxx.o -c /data/jameshli/radosfs-master/CMakeFiles/feature_tests.cxx
Linking CXX executable cmTC_4a0bd
/usr/local/bin/cmake -E cmake_link_script CMakeFiles/cmTC_4a0bd.dir/link.txt --verbose=1
/opt/rh/devtoolset-4/root/usr/bin/c++       -rdynamic CMakeFiles/cmTC_4a0bd.dir/feature_tests.cxx.o  -o cmTC_4a0bd 
gmake[1]: Leaving directory `/data/jameshli/radosfs-master/CMakeFiles/CMakeTmp'


    Feature record: CXX_FEATURE:0cxx_aggregate_default_initializers
    Feature record: CXX_FEATURE:1cxx_alias_templates
    Feature record: CXX_FEATURE:1cxx_alignas
    Feature record: CXX_FEATURE:1cxx_alignof
    Feature record: CXX_FEATURE:1cxx_attributes
    Feature record: CXX_FEATURE:0cxx_attribute_deprecated
    Feature record: CXX_FEATURE:1cxx_auto_type
    Feature record: CXX_FEATURE:0cxx_binary_literals
    Feature record: CXX_FEATURE:1cxx_constexpr
    Feature record: CXX_FEATURE:0cxx_contextual_conversions
    Feature record: CXX_FEATURE:1cxx_decltype
    Feature record: CXX_FEATURE:0cxx_decltype_auto
    Feature record: CXX_FEATURE:1cxx_decltype_incomplete_return_types
    Feature record: CXX_FEATURE:1cxx_default_function_template_args
    Feature record: CXX_FEATURE:1cxx_defaulted_functions
    Feature record: CXX_FEATURE:1cxx_defaulted_move_initializers
    Feature record: CXX_FEATURE:1cxx_delegating_constructors
    Feature record: CXX_FEATURE:1cxx_deleted_functions
    Feature record: CXX_FEATURE:0cxx_digit_separators
    Feature record: CXX_FEATURE:1cxx_enum_forward_declarations
    Feature record: CXX_FEATURE:1cxx_explicit_conversions
    Feature record: CXX_FEATURE:1cxx_extended_friend_declarations
    Feature record: CXX_FEATURE:1cxx_extern_templates
    Feature record: CXX_FEATURE:1cxx_final
    Feature record: CXX_FEATURE:1cxx_func_identifier
    Feature record: CXX_FEATURE:1cxx_generalized_initializers
    Feature record: CXX_FEATURE:0cxx_generic_lambdas
    Feature record: CXX_FEATURE:1cxx_inheriting_constructors
    Feature record: CXX_FEATURE:1cxx_inline_namespaces
    Feature record: CXX_FEATURE:1cxx_lambdas
    Feature record: CXX_FEATURE:0cxx_lambda_init_captures
    Feature record: CXX_FEATURE:1cxx_local_type_template_args
    Feature record: CXX_FEATURE:1cxx_long_long_type
    Feature record: CXX_FEATURE:1cxx_noexcept
    Feature record: CXX_FEATURE:1cxx_nonstatic_member_init
    Feature record: CXX_FEATURE:1cxx_nullptr
    Feature record: CXX_FEATURE:1cxx_override
    Feature record: CXX_FEATURE:1cxx_range_for
    Feature record: CXX_FEATURE:1cxx_raw_string_literals
    Feature record: CXX_FEATURE:1cxx_reference_qualified_functions
    Feature record: CXX_FEATURE:0cxx_relaxed_constexpr
    Feature record: CXX_FEATURE:0cxx_return_type_deduction
    Feature record: CXX_FEATURE:1cxx_right_angle_brackets
    Feature record: CXX_FEATURE:1cxx_rvalue_references
    Feature record: CXX_FEATURE:1cxx_sizeof_member
    Feature record: CXX_FEATURE:1cxx_static_assert
    Feature record: CXX_FEATURE:1cxx_strong_enums
    Feature record: CXX_FEATURE:1cxx_template_template_parameters
    Feature record: CXX_FEATURE:1cxx_thread_local
    Feature record: CXX_FEATURE:1cxx_trailing_return_types
    Feature record: CXX_FEATURE:1cxx_unicode_literals
    Feature record: CXX_FEATURE:1cxx_uniform_initialization
    Feature record: CXX_FEATURE:1cxx_unrestricted_unions
    Feature record: CXX_FEATURE:1cxx_user_literals
    Feature record: CXX_FEATURE:0cxx_variable_templates
    Feature record: CXX_FEATURE:1cxx_variadic_macros
    Feature record: CXX_FEATURE:1cxx_variadic_templates


Detecting CXX [-std=c++98] compiler features compiled with the following output:
Change Dir: /data/jameshli/radosfs-master/CMakeFiles/CMakeTmp

Run Build Command:"/usr/bin/gmake" "cmTC_6bf2a/fast"
/usr/bin/gmake -f CMakeFiles/cmTC_6bf2a.dir/build.make CMakeFiles/cmTC_6bf2a.dir/build
gmake[1]: Entering directory `/data/jameshli/radosfs-master/CMakeFiles/CMakeTmp'
Building CXX object CMakeFiles/cmTC_6bf2a.dir/feature_tests.cxx.o
/opt/rh/devtoolset-4/root/usr/bin/c++    -std=c++98 -o CMakeFiles/cmTC_6bf2a.dir/feature_tests.cxx.o -c /data/jameshli/radosfs-master/CMakeFiles/feature_tests.cxx
Linking CXX executable cmTC_6bf2a
/usr/local/bin/cmake -E cmake_link_script CMakeFiles/cmTC_6bf2a.dir/link.txt --verbose=1
/opt/rh/devtoolset-4/root/usr/bin/c++       -rdynamic CMakeFiles/cmTC_6bf2a.dir/feature_tests.cxx.o  -o cmTC_6bf2a 
gmake[1]: Leaving directory `/data/jameshli/radosfs-master/CMakeFiles/CMakeTmp'


    Feature record: CXX_FEATURE:0cxx_aggregate_default_initializers
    Feature record: CXX_FEATURE:0cxx_alias_templates
    Feature record: CXX_FEATURE:0cxx_alignas
    Feature record: CXX_FEATURE:0cxx_alignof
    Feature record: CXX_FEATURE:0cxx_attributes
    Feature record: CXX_FEATURE:0cxx_attribute_deprecated
    Feature record: CXX_FEATURE:0cxx_auto_type
    Feature record: CXX_FEATURE:0cxx_binary_literals
    Feature record: CXX_FEATURE:0cxx_constexpr
    Feature record: CXX_FEATURE:0cxx_contextual_conversions
    Feature record: CXX_FEATURE:0cxx_decltype
    Feature record: CXX_FEATURE:0cxx_decltype_auto
    Feature record: CXX_FEATURE:0cxx_decltype_incomplete_return_types
    Feature record: CXX_FEATURE:0cxx_default_function_template_args
    Feature record: CXX_FEATURE:0cxx_defaulted_functions
    Feature record: CXX_FEATURE:0cxx_defaulted_move_initializers
    Feature record: CXX_FEATURE:0cxx_delegating_constructors
    Feature record: CXX_FEATURE:0cxx_deleted_functions
    Feature record: CXX_FEATURE:0cxx_digit_separators
    Feature record: CXX_FEATURE:0cxx_enum_forward_declarations
    Feature record: CXX_FEATURE:0cxx_explicit_conversions
    Feature record: CXX_FEATURE:0cxx_extended_friend_declarations
    Feature record: CXX_FEATURE:0cxx_extern_templates
    Feature record: CXX_FEATURE:0cxx_final
    Feature record: CXX_FEATURE:0cxx_func_identifier
    Feature record: CXX_FEATURE:0cxx_generalized_initializers
    Feature record: CXX_FEATURE:0cxx_generic_lambdas
    Feature record: CXX_FEATURE:0cxx_inheriting_constructors
    Feature record: CXX_FEATURE:0cxx_inline_namespaces
    Feature record: CXX_FEATURE:0cxx_lambdas
    Feature record: CXX_FEATURE:0cxx_lambda_init_captures
    Feature record: CXX_FEATURE:0cxx_local_type_template_args
    Feature record: CXX_FEATURE:0cxx_long_long_type
    Feature record: CXX_FEATURE:0cxx_noexcept
    Feature record: CXX_FEATURE:0cxx_nonstatic_member_init
    Feature record: CXX_FEATURE:0cxx_nullptr
    Feature record: CXX_FEATURE:0cxx_override
    Feature record: CXX_FEATURE:0cxx_range_for
    Feature record: CXX_FEATURE:0cxx_raw_string_literals
    Feature record: CXX_FEATURE:0cxx_reference_qualified_functions
    Feature record: CXX_FEATURE:0cxx_relaxed_constexpr
    Feature record: CXX_FEATURE:0cxx_return_type_deduction
    Feature record: CXX_FEATURE:0cxx_right_angle_brackets
    Feature record: CXX_FEATURE:0cxx_rvalue_references
    Feature record: CXX_FEATURE:0cxx_sizeof_member
    Feature record: CXX_FEATURE:0cxx_static_assert
    Feature record: CXX_FEATURE:0cxx_strong_enums
    Feature record: CXX_FEATURE:1cxx_template_template_parameters
    Feature record: CXX_FEATURE:0cxx_thread_local
    Feature record: CXX_FEATURE:0cxx_trailing_return_types
    Feature record: CXX_FEATURE:0cxx_unicode_literals
    Feature record: CXX_FEATURE:0cxx_uniform_initialization
    Feature record: CXX_FEATURE:0cxx_unrestricted_unions
    Feature record: CXX_FEATURE:0cxx_user_literals
    Feature record: CXX_FEATURE:0cxx_variable_templates
    Feature record: CXX_FEATURE:0cxx_variadic_macros
    Feature record: CXX_FEATURE:0cxx_variadic_templates
Performing C++ SOURCE FILE Test COMPILER_SUPPORTS_CXX11 succeeded with the following output:
Change Dir: /data/jameshli/radosfs-master/CMakeFiles/CMakeTmp

Run Build Command:"/usr/bin/gmake" "cmTC_cfa89/fast"
/usr/bin/gmake -f CMakeFiles/cmTC_cfa89.dir/build.make CMakeFiles/cmTC_cfa89.dir/build
gmake[1]: Entering directory `/data/jameshli/radosfs-master/CMakeFiles/CMakeTmp'
Building CXX object CMakeFiles/cmTC_cfa89.dir/src.cxx.o
/opt/rh/devtoolset-4/root/usr/bin/c++    -DCOMPILER_SUPPORTS_CXX11   -std=c++11 -o CMakeFiles/cmTC_cfa89.dir/src.cxx.o -c /data/jameshli/radosfs-master/CMakeFiles/CMakeTmp/src.cxx
Linking CXX executable cmTC_cfa89
/usr/local/bin/cmake -E cmake_link_script CMakeFiles/cmTC_cfa89.dir/link.txt --verbose=1
/opt/rh/devtoolset-4/root/usr/bin/c++   -DCOMPILER_SUPPORTS_CXX11    -rdynamic CMakeFiles/cmTC_cfa89.dir/src.cxx.o  -o cmTC_cfa89 
gmake[1]: Leaving directory `/data/jameshli/radosfs-master/CMakeFiles/CMakeTmp'

Source file was:
int main() { return 0; }
Performing C++ SOURCE FILE Test COMPILER_SUPPORTS_CXX0X succeeded with the following output:
Change Dir: /data/jameshli/radosfs-master/CMakeFiles/CMakeTmp

Run Build Command:"/usr/bin/gmake" "cmTC_9ddf3/fast"
/usr/bin/gmake -f CMakeFiles/cmTC_9ddf3.dir/build.make CMakeFiles/cmTC_9ddf3.dir/build
gmake[1]: Entering directory `/data/jameshli/radosfs-master/CMakeFiles/CMakeTmp'
Building CXX object CMakeFiles/cmTC_9ddf3.dir/src.cxx.o
/opt/rh/devtoolset-4/root/usr/bin/c++    -DCOMPILER_SUPPORTS_CXX0X   -std=c++0x -o CMakeFiles/cmTC_9ddf3.dir/src.cxx.o -c /data/jameshli/radosfs-master/CMakeFiles/CMakeTmp/src.cxx
Linking CXX executable cmTC_9ddf3
/usr/local/bin/cmake -E cmake_link_script CMakeFiles/cmTC_9ddf3.dir/link.txt --verbose=1
/opt/rh/devtoolset-4/root/usr/bin/c++   -DCOMPILER_SUPPORTS_CXX0X    -rdynamic CMakeFiles/cmTC_9ddf3.dir/src.cxx.o  -o cmTC_9ddf3 
gmake[1]: Leaving directory `/data/jameshli/radosfs-master/CMakeFiles/CMakeTmp'

Source file was:
int main() { return 0; }
Determining if the include file pthread.h exists passed with the following output:
Change Dir: /data/jameshli/radosfs-master/CMakeFiles/CMakeTmp

Run Build Command:"/usr/bin/gmake" "cmTC_8f3f6/fast"
/usr/bin/gmake -f CMakeFiles/cmTC_8f3f6.dir/build.make CMakeFiles/cmTC_8f3f6.dir/build
gmake[1]: Entering directory `/data/jameshli/radosfs-master/CMakeFiles/CMakeTmp'
Building C object CMakeFiles/cmTC_8f3f6.dir/CheckIncludeFile.c.o
/opt/rh/devtoolset-4/root/usr/bin/cc   -Wall -Wno-unused-local-typedefs    -o CMakeFiles/cmTC_8f3f6.dir/CheckIncludeFile.c.o   -c /data/jameshli/radosfs-master/CMakeFiles/CMakeTmp/CheckIncludeFile.c
Linking C executable cmTC_8f3f6
/usr/local/bin/cmake -E cmake_link_script CMakeFiles/cmTC_8f3f6.dir/link.txt --verbose=1
/opt/rh/devtoolset-4/root/usr/bin/cc -Wall -Wno-unused-local-typedefs     -rdynamic CMakeFiles/cmTC_8f3f6.dir/CheckIncludeFile.c.o  -o cmTC_8f3f6 
gmake[1]: Leaving directory `/data/jameshli/radosfs-master/CMakeFiles/CMakeTmp'


Determining if the function pthread_create exists in the pthread passed with the following output:
Change Dir: /data/jameshli/radosfs-master/CMakeFiles/CMakeTmp

Run Build Command:"/usr/bin/gmake" "cmTC_c16c6/fast"
/usr/bin/gmake -f CMakeFiles/cmTC_c16c6.dir/build.make CMakeFiles/cmTC_c16c6.dir/build
gmake[1]: Entering directory `/data/jameshli/radosfs-master/CMakeFiles/CMakeTmp'
Building C object CMakeFiles/cmTC_c16c6.dir/CheckFunctionExists.c.o
/opt/rh/devtoolset-4/root/usr/bin/cc   -Wall -Wno-unused-local-typedefs -DCHECK_FUNCTION_EXISTS=pthread_create   -o CMakeFiles/cmTC_c16c6.dir/CheckFunctionExists.c.o   -c /usr/local/share/cmake-3.10/Modules/CheckFunctionExists.c
Linking C executable cmTC_c16c6
/usr/local/bin/cmake -E cmake_link_script CMakeFiles/cmTC_c16c6.dir/link.txt --verbose=1
/opt/rh/devtoolset-4/root/usr/bin/cc -Wall -Wno-unused-local-typedefs -DCHECK_FUNCTION_EXISTS=pthread_create    -rdynamic CMakeFiles/cmTC_c16c6.dir/CheckFunctionExists.c.o  -o cmTC_c16c6 -lpthread 
gmake[1]: Leaving directory `/data/jameshli/radosfs-master/CMakeFiles/CMakeTmp'


