Determining if the pthread_create exist failed with the following output:
Change Dir: /data/jameshli/radosfs-master/CMakeFiles/CMakeTmp

Run Build Command:"/usr/bin/gmake" "cmTC_a8c9b/fast"
/usr/bin/gmake -f CMakeFiles/cmTC_a8c9b.dir/build.make CMakeFiles/cmTC_a8c9b.dir/build
gmake[1]: Entering directory `/data/jameshli/radosfs-master/CMakeFiles/CMakeTmp'
Building C object CMakeFiles/cmTC_a8c9b.dir/CheckSymbolExists.c.o
/opt/rh/devtoolset-4/root/usr/bin/cc   -Wall -Wno-unused-local-typedefs    -o CMakeFiles/cmTC_a8c9b.dir/CheckSymbolExists.c.o   -c /data/jameshli/radosfs-master/CMakeFiles/CMakeTmp/CheckSymbolExists.c
Linking C executable cmTC_a8c9b
/usr/local/bin/cmake -E cmake_link_script CMakeFiles/cmTC_a8c9b.dir/link.txt --verbose=1
/opt/rh/devtoolset-4/root/usr/bin/cc -Wall -Wno-unused-local-typedefs     -rdynamic CMakeFiles/cmTC_a8c9b.dir/CheckSymbolExists.c.o  -o cmTC_a8c9b 
CMakeFiles/cmTC_a8c9b.dir/CheckSymbolExists.c.o: In function `main':
CheckSymbolExists.c:(.text+0x16): undefined reference to `pthread_create'
collect2: error: ld returned 1 exit status
gmake[1]: *** [cmTC_a8c9b] Error 1
gmake[1]: Leaving directory `/data/jameshli/radosfs-master/CMakeFiles/CMakeTmp'
gmake: *** [cmTC_a8c9b/fast] Error 2

File /data/jameshli/radosfs-master/CMakeFiles/CMakeTmp/CheckSymbolExists.c:
/* */
#include <pthread.h>

int main(int argc, char** argv)
{
  (void)argv;
#ifndef pthread_create
  return ((int*)(&pthread_create))[argc];
#else
  (void)argc;
  return 0;
#endif
}

Determining if the function pthread_create exists in the pthreads failed with the following output:
Change Dir: /data/jameshli/radosfs-master/CMakeFiles/CMakeTmp

Run Build Command:"/usr/bin/gmake" "cmTC_74c97/fast"
/usr/bin/gmake -f CMakeFiles/cmTC_74c97.dir/build.make CMakeFiles/cmTC_74c97.dir/build
gmake[1]: Entering directory `/data/jameshli/radosfs-master/CMakeFiles/CMakeTmp'
Building C object CMakeFiles/cmTC_74c97.dir/CheckFunctionExists.c.o
/opt/rh/devtoolset-4/root/usr/bin/cc   -Wall -Wno-unused-local-typedefs -DCHECK_FUNCTION_EXISTS=pthread_create   -o CMakeFiles/cmTC_74c97.dir/CheckFunctionExists.c.o   -c /usr/local/share/cmake-3.10/Modules/CheckFunctionExists.c
Linking C executable cmTC_74c97
/usr/local/bin/cmake -E cmake_link_script CMakeFiles/cmTC_74c97.dir/link.txt --verbose=1
/opt/rh/devtoolset-4/root/usr/bin/cc -Wall -Wno-unused-local-typedefs -DCHECK_FUNCTION_EXISTS=pthread_create    -rdynamic CMakeFiles/cmTC_74c97.dir/CheckFunctionExists.c.o  -o cmTC_74c97 -lpthreads 
/opt/rh/devtoolset-4/root/usr/libexec/gcc/x86_64-redhat-linux/5.3.1/ld: cannot find -lpthreads
collect2: error: ld returned 1 exit status
gmake[1]: *** [cmTC_74c97] Error 1
gmake[1]: Leaving directory `/data/jameshli/radosfs-master/CMakeFiles/CMakeTmp'
gmake: *** [cmTC_74c97/fast] Error 2


